<?xml version="1.0" encoding="UTF-8"?>
<testsuite name="com.kodilla.stream.ForumUserTestSuite" tests="2" skipped="0" failures="0" errors="0" timestamp="2018-04-29T11:12:16" hostname="ann" time="0.021">
  <properties/>
  <testcase name="testGetLocationsOfFriends" classname="com.kodilla.stream.ForumUserTestSuite" time="0.014"/>
  <testcase name="testGetLocationsOfFriendsOfFriends" classname="com.kodilla.stream.ForumUserTestSuite" time="0.007"/>
  <system-out><![CDATA[]]></system-out>
  <system-err><![CDATA[]]></system-err>
</testsuite>
