<?xml version="1.0" encoding="UTF-8"?>
<testsuite name="com.kodilla.testing.shape.ShapeCollectorTestSuite" tests="10" skipped="0" failures="0" errors="0" timestamp="2018-04-15T06:35:37" hostname="ann" time="0.015">
  <properties/>
  <testcase name="testShowFiguresNoFigures" classname="com.kodilla.testing.shape.ShapeCollectorTestSuite" time="0.002"/>
  <testcase name="testAddFigureAlreadyExisting" classname="com.kodilla.testing.shape.ShapeCollectorTestSuite" time="0.005"/>
  <testcase name="testShowFigures" classname="com.kodilla.testing.shape.ShapeCollectorTestSuite" time="0.002"/>
  <testcase name="testAddNullFigure" classname="com.kodilla.testing.shape.ShapeCollectorTestSuite" time="0.0"/>
  <testcase name="testRemoveFigure" classname="com.kodilla.testing.shape.ShapeCollectorTestSuite" time="0.001"/>
  <testcase name="testAddFigure" classname="com.kodilla.testing.shape.ShapeCollectorTestSuite" time="0.001"/>
  <testcase name="testGetFigureNotExisting" classname="com.kodilla.testing.shape.ShapeCollectorTestSuite" time="0.001"/>
  <testcase name="testGetFigure" classname="com.kodilla.testing.shape.ShapeCollectorTestSuite" time="0.001"/>
  <testcase name="testRemoveNullFigure" classname="com.kodilla.testing.shape.ShapeCollectorTestSuite" time="0.001"/>
  <testcase name="testRemoveFigureNotExisting" classname="com.kodilla.testing.shape.ShapeCollectorTestSuite" time="0.0"/>
  <system-out><![CDATA[Shape Collector Test Suite: begin
Test #1 : testShowFiguresNoFigures : start
Test #1 : testShowFiguresNoFigures : end
Test #2 : testAddFigureAlreadyExisting : start
Test #2 : testAddFigureAlreadyExisting : end
Test #3 : testShowFigures : start
Test #3 : testShowFigures : end
Test #4 : testAddNullFigure : start
Test #4 : testAddNullFigure : end
Test #5 : testRemoveFigure : start
Test #5 : testRemoveFigure : end
Test #6 : testAddFigure : start
Test #6 : testAddFigure : end
Test #7 : testGetFigureNotExisting : start
Test #7 : testGetFigureNotExisting : end
Test #8 : testGetFigure : start
Test #8 : testGetFigure : end
Test #9 : testRemoveNullFigure : start
Test #9 : testRemoveNullFigure : end
Test #10 : testRemoveFigureNotExisting : start
Test #10 : testRemoveFigureNotExisting : end
Shape Collector Test Suite: end
]]></system-out>
  <system-err><![CDATA[]]></system-err>
</testsuite>
