<?xml version="1.0" encoding="UTF-8"?>
<testsuite name="com.kodilla.testing.weather.mock.WeatherForecastTestSuite" tests="1" skipped="0" failures="0" errors="0" timestamp="2018-04-12T18:59:20" hostname="ann" time="0.012">
  <properties/>
  <testcase name="testCalculateWeatherWithMock" classname="com.kodilla.testing.weather.mock.WeatherForecastTestSuite" time="0.012"/>
  <system-out><![CDATA[]]></system-out>
  <system-err><![CDATA[]]></system-err>
</testsuite>
