<?xml version="1.0" encoding="UTF-8"?>
<testsuite name="com.kodilla.patterns.prototype.library.LibraryTestSuite" tests="1" skipped="0" failures="0" errors="0" timestamp="2018-05-24T17:14:35" hostname="ann" time="0.106">
  <properties/>
  <testcase name="testGetBooks" classname="com.kodilla.patterns.prototype.library.LibraryTestSuite" time="0.106"/>
  <system-out><![CDATA[Library{name='Original', books=
[    Book{title='Title2', author='Author2', publicationDate=2018-05-24}
,     Book{title='Title1', author='Author1', publicationDate=2018-05-24}
,     Book{title='Title6', author='Author6', publicationDate=2018-05-24}
,     Book{title='Title5', author='Author5', publicationDate=2018-05-24}
,     Book{title='Title3', author='Author3', publicationDate=2018-05-24}
,     Book{title='Title4', author='Author4', publicationDate=2018-05-24}
,     Book{title='TitleTest1', author='AuthorTest1', publicationDate=2018-05-24}
,     Book{title='TitleTest2', author='AuthorTest2', publicationDate=2018-05-24}
]}
Library{name='Shallow', books=
[    Book{title='Title2', author='Author2', publicationDate=2018-05-24}
,     Book{title='Title1', author='Author1', publicationDate=2018-05-24}
,     Book{title='Title6', author='Author6', publicationDate=2018-05-24}
,     Book{title='Title5', author='Author5', publicationDate=2018-05-24}
,     Book{title='Title3', author='Author3', publicationDate=2018-05-24}
,     Book{title='Title4', author='Author4', publicationDate=2018-05-24}
,     Book{title='TitleTest1', author='AuthorTest1', publicationDate=2018-05-24}
,     Book{title='TitleTest2', author='AuthorTest2', publicationDate=2018-05-24}
]}
Library{name='Deep', books=
[    Book{title='Title2', author='Author2', publicationDate=2018-05-24}
,     Book{title='Title4', author='Author4', publicationDate=2018-05-24}
,     Book{title='Title5', author='Author5', publicationDate=2018-05-24}
,     Book{title='Title6', author='Author6', publicationDate=2018-05-24}
,     Book{title='Title3', author='Author3', publicationDate=2018-05-24}
]}
]]></system-out>
  <system-err><![CDATA[]]></system-err>
</testsuite>
