<?xml version="1.0" encoding="UTF-8"?>
<testsuite name="com.kodilla.patterns.factory.tasks.TaskFactoryTestSuite" tests="2" skipped="0" failures="0" errors="0" timestamp="2018-05-24T17:14:35" hostname="ann" time="0.002">
  <properties/>
  <testcase name="testMakeTask" classname="com.kodilla.patterns.factory.tasks.TaskFactoryTestSuite" time="0.002"/>
  <testcase name="testMakeNonexistingTask" classname="com.kodilla.patterns.factory.tasks.TaskFactoryTestSuite" time="0.0"/>
  <system-out><![CDATA[]]></system-out>
  <system-err><![CDATA[]]></system-err>
</testsuite>
