<?xml version="1.0" encoding="UTF-8"?>
<testsuite name="com.kodilla.patterns.singleton.LoggerTestSuite" tests="1" skipped="0" failures="0" errors="0" timestamp="2018-05-24T17:14:35" hostname="ann" time="0.001">
  <properties/>
  <testcase name="getLastLogTest" classname="com.kodilla.patterns.singleton.LoggerTestSuite" time="0.001"/>
  <system-out><![CDATA[Log: [msg1]
Log: [msg2]
Log: [msg3]
]]></system-out>
  <system-err><![CDATA[]]></system-err>
</testsuite>
